<?xml version="1.0" encoding="UTF-8"?>
<testng-results ignored="0" total="1" passed="1" failed="0" skipped="0">
  <reporter-output>
  </reporter-output>
  <suite started-at="2021-09-04T11:38:18 IST" name="Default suite" finished-at="2021-09-04T11:38:29 IST" duration-ms="10950">
    <groups>
    </groups>
    <test started-at="2021-09-04T11:38:18 IST" name="Default test" finished-at="2021-09-04T11:38:29 IST" duration-ms="10950">
      <class name="com.Klu.Statement.CreateNewReportsTc3">
        <test-method signature="Sumo()[pri:0, instance:com.Klu.Statement.CreateNewReportsTc3@4f209819]" started-at="2021-09-04T11:38:18 IST" name="Sumo" finished-at="2021-09-04T11:38:29 IST" duration-ms="10888" status="PASS">
          <reporter-output>
          </reporter-output>
        </test-method> <!-- Sumo -->
      </class> <!-- com.Klu.Statement.CreateNewReportsTc3 -->
    </test> <!-- Default test -->
  </suite> <!-- Default suite -->
</testng-results>
